The system is: Linux - 5.3.18-150300.59.68_11.0.76-cray_shasta_c - x86_64
Compiling the C compiler identification source file "CMakeCCompilerId.c" succeeded.
Compiler: /opt/rocm/bin/amdclang 
Build flags: -O2
Id flags:  

The output was:
0


Compilation of the C compiler identification source "CMakeCCompilerId.c" produced "a.out"

The C compiler identification is Clang, found in "/tmp/openmm/build/CMakeFiles/3.10.2/CompilerIdC/a.out"

Compiling the CXX compiler identification source file "CMakeCXXCompilerId.cpp" succeeded.
Compiler: /opt/rocm/bin/amdclang++ 
Build flags: 
Id flags:  

The output was:
0


Compilation of the CXX compiler identification source "CMakeCXXCompilerId.cpp" produced "a.out"

The CXX compiler identification is Clang, found in "/tmp/openmm/build/CMakeFiles/3.10.2/CompilerIdCXX/a.out"

Determining if the C compiler works passed with the following output:
Change Dir: /tmp/openmm/build/CMakeFiles/CMakeTmp

Run Build Command:"/usr/bin/make" "cmTC_2b3ba/fast"
/usr/bin/make -f CMakeFiles/cmTC_2b3ba.dir/build.make CMakeFiles/cmTC_2b3ba.dir/build
make[1]: Entering directory '/tmp/openmm/build/CMakeFiles/CMakeTmp'
Building C object CMakeFiles/cmTC_2b3ba.dir/testCCompiler.c.o
/opt/rocm/bin/amdclang   -O2    -o CMakeFiles/cmTC_2b3ba.dir/testCCompiler.c.o   -c /tmp/openmm/build/CMakeFiles/CMakeTmp/testCCompiler.c
Linking C executable cmTC_2b3ba
/usr/bin/cmake -E cmake_link_script CMakeFiles/cmTC_2b3ba.dir/link.txt --verbose=1
/opt/rocm/bin/amdclang -O2     -rdynamic CMakeFiles/cmTC_2b3ba.dir/testCCompiler.c.o  -o cmTC_2b3ba 
make[1]: Leaving directory '/tmp/openmm/build/CMakeFiles/CMakeTmp'


Detecting C compiler ABI info compiled with the following output:
Change Dir: /tmp/openmm/build/CMakeFiles/CMakeTmp

Run Build Command:"/usr/bin/make" "cmTC_0ee97/fast"
/usr/bin/make -f CMakeFiles/cmTC_0ee97.dir/build.make CMakeFiles/cmTC_0ee97.dir/build
make[1]: Entering directory '/tmp/openmm/build/CMakeFiles/CMakeTmp'
Building C object CMakeFiles/cmTC_0ee97.dir/CMakeCCompilerABI.c.o
/opt/rocm/bin/amdclang   -O2    -o CMakeFiles/cmTC_0ee97.dir/CMakeCCompilerABI.c.o   -c /usr/share/cmake-3.10/Modules/CMakeCCompilerABI.c
Linking C executable cmTC_0ee97
/usr/bin/cmake -E cmake_link_script CMakeFiles/cmTC_0ee97.dir/link.txt --verbose=1
/opt/rocm/bin/amdclang -O2    -v -rdynamic CMakeFiles/cmTC_0ee97.dir/CMakeCCompilerABI.c.o  -o cmTC_0ee97 
AMD clang version 14.0.0 (https://github.com/RadeonOpenCompute/llvm-project roc-5.0.0 22051 235b6880e2e515507478181ec11a20c1ec87945b)
Target: x86_64-unknown-linux-gnu
Thread model: posix
InstalledDir: /opt/rocm-5.0.0/llvm/bin
Found candidate GCC installation: /usr/lib/gcc/x86_64-linux-gnu/7
Found candidate GCC installation: /usr/lib/gcc/x86_64-linux-gnu/7.5.0
Found candidate GCC installation: /usr/lib/gcc/x86_64-linux-gnu/8
Selected GCC installation: /usr/lib/gcc/x86_64-linux-gnu/7.5.0
Candidate multilib: .;@m64
Candidate multilib: 32;@m32
Candidate multilib: x32;@mx32
Selected multilib: .;@m64
Found HIP installation: /opt/rocm-5.0.0, version 5.0.13601
 "/opt/rocm-5.0.0/llvm/bin/ld.lld" -export-dynamic -z relro --hash-style=gnu --eh-frame-hdr -m elf_x86_64 -export-dynamic -dynamic-linker /lib64/ld-linux-x86-64.so.2 -o cmTC_0ee97 /usr/lib/x86_64-linux-gnu/crt1.o /usr/lib/x86_64-linux-gnu/crti.o /usr/lib/gcc/x86_64-linux-gnu/7.5.0/crtbegin.o -L/usr/lib/gcc/x86_64-linux-gnu/7.5.0 -L/lib/x86_64-linux-gnu -L/lib/../lib64 -L/usr/lib/x86_64-linux-gnu -L/opt/rocm-5.0.0/llvm/bin/../lib -L/lib -L/usr/lib CMakeFiles/cmTC_0ee97.dir/CMakeCCompilerABI.c.o -lgcc --as-needed -lgcc_s --no-as-needed -lc -lgcc --as-needed -lgcc_s --no-as-needed /usr/lib/gcc/x86_64-linux-gnu/7.5.0/crtend.o /usr/lib/x86_64-linux-gnu/crtn.o
make[1]: Leaving directory '/tmp/openmm/build/CMakeFiles/CMakeTmp'


Parsed C implicit link information from above output:
  link line regex: [^( *|.*[/\])(amdlld|CMAKE_LINK_STARTFILE-NOTFOUND|([^/\]+-)?ld|collect2)[^/\]*( |$)]
  ignore line: [Change Dir: /tmp/openmm/build/CMakeFiles/CMakeTmp]
  ignore line: []
  ignore line: [Run Build Command:"/usr/bin/make" "cmTC_0ee97/fast"]
  ignore line: [/usr/bin/make -f CMakeFiles/cmTC_0ee97.dir/build.make CMakeFiles/cmTC_0ee97.dir/build]
  ignore line: [make[1]: Entering directory '/tmp/openmm/build/CMakeFiles/CMakeTmp']
  ignore line: [Building C object CMakeFiles/cmTC_0ee97.dir/CMakeCCompilerABI.c.o]
  ignore line: [/opt/rocm/bin/amdclang   -O2    -o CMakeFiles/cmTC_0ee97.dir/CMakeCCompilerABI.c.o   -c /usr/share/cmake-3.10/Modules/CMakeCCompilerABI.c]
  ignore line: [Linking C executable cmTC_0ee97]
  ignore line: [/usr/bin/cmake -E cmake_link_script CMakeFiles/cmTC_0ee97.dir/link.txt --verbose=1]
  ignore line: [/opt/rocm/bin/amdclang -O2    -v -rdynamic CMakeFiles/cmTC_0ee97.dir/CMakeCCompilerABI.c.o  -o cmTC_0ee97 ]
  ignore line: [AMD clang version 14.0.0 (https://github.com/RadeonOpenCompute/llvm-project roc-5.0.0 22051 235b6880e2e515507478181ec11a20c1ec87945b)]
  ignore line: [Target: x86_64-unknown-linux-gnu]
  ignore line: [Thread model: posix]
  ignore line: [InstalledDir: /opt/rocm-5.0.0/llvm/bin]
  ignore line: [Found candidate GCC installation: /usr/lib/gcc/x86_64-linux-gnu/7]
  ignore line: [Found candidate GCC installation: /usr/lib/gcc/x86_64-linux-gnu/7.5.0]
  ignore line: [Found candidate GCC installation: /usr/lib/gcc/x86_64-linux-gnu/8]
  ignore line: [Selected GCC installation: /usr/lib/gcc/x86_64-linux-gnu/7.5.0]
  ignore line: [Candidate multilib: .]
  ignore line: [@m64]
  ignore line: [Candidate multilib: 32]
  ignore line: [@m32]
  ignore line: [Candidate multilib: x32]
  ignore line: [@mx32]
  ignore line: [Selected multilib: .]
  ignore line: [@m64]
  ignore line: [Found HIP installation: /opt/rocm-5.0.0, version 5.0.13601]
  link line: [ "/opt/rocm-5.0.0/llvm/bin/ld.lld" -export-dynamic -z relro --hash-style=gnu --eh-frame-hdr -m elf_x86_64 -export-dynamic -dynamic-linker /lib64/ld-linux-x86-64.so.2 -o cmTC_0ee97 /usr/lib/x86_64-linux-gnu/crt1.o /usr/lib/x86_64-linux-gnu/crti.o /usr/lib/gcc/x86_64-linux-gnu/7.5.0/crtbegin.o -L/usr/lib/gcc/x86_64-linux-gnu/7.5.0 -L/lib/x86_64-linux-gnu -L/lib/../lib64 -L/usr/lib/x86_64-linux-gnu -L/opt/rocm-5.0.0/llvm/bin/../lib -L/lib -L/usr/lib CMakeFiles/cmTC_0ee97.dir/CMakeCCompilerABI.c.o -lgcc --as-needed -lgcc_s --no-as-needed -lc -lgcc --as-needed -lgcc_s --no-as-needed /usr/lib/gcc/x86_64-linux-gnu/7.5.0/crtend.o /usr/lib/x86_64-linux-gnu/crtn.o]
    arg [/opt/rocm-5.0.0/llvm/bin/ld.lld] ==> ignore
    arg [-export-dynamic] ==> ignore
    arg [-zrelro] ==> ignore
    arg [--hash-style=gnu] ==> ignore
    arg [--eh-frame-hdr] ==> ignore
    arg [-m] ==> ignore
    arg [elf_x86_64] ==> ignore
    arg [-export-dynamic] ==> ignore
    arg [-dynamic-linker] ==> ignore
    arg [/lib64/ld-linux-x86-64.so.2] ==> ignore
    arg [-o] ==> ignore
    arg [cmTC_0ee97] ==> ignore
    arg [/usr/lib/x86_64-linux-gnu/crt1.o] ==> ignore
    arg [/usr/lib/x86_64-linux-gnu/crti.o] ==> ignore
    arg [/usr/lib/gcc/x86_64-linux-gnu/7.5.0/crtbegin.o] ==> ignore
    arg [-L/usr/lib/gcc/x86_64-linux-gnu/7.5.0] ==> dir [/usr/lib/gcc/x86_64-linux-gnu/7.5.0]
    arg [-L/lib/x86_64-linux-gnu] ==> dir [/lib/x86_64-linux-gnu]
    arg [-L/lib/../lib64] ==> dir [/lib/../lib64]
    arg [-L/usr/lib/x86_64-linux-gnu] ==> dir [/usr/lib/x86_64-linux-gnu]
    arg [-L/opt/rocm-5.0.0/llvm/bin/../lib] ==> dir [/opt/rocm-5.0.0/llvm/bin/../lib]
    arg [-L/lib] ==> dir [/lib]
    arg [-L/usr/lib] ==> dir [/usr/lib]
    arg [CMakeFiles/cmTC_0ee97.dir/CMakeCCompilerABI.c.o] ==> ignore
    arg [-lgcc] ==> lib [gcc]
    arg [--as-needed] ==> ignore
    arg [-lgcc_s] ==> lib [gcc_s]
    arg [--no-as-needed] ==> ignore
    arg [-lc] ==> lib [c]
    arg [-lgcc] ==> lib [gcc]
    arg [--as-needed] ==> ignore
    arg [-lgcc_s] ==> lib [gcc_s]
    arg [--no-as-needed] ==> ignore
    arg [/usr/lib/gcc/x86_64-linux-gnu/7.5.0/crtend.o] ==> ignore
    arg [/usr/lib/x86_64-linux-gnu/crtn.o] ==> ignore
  collapse library dir [/usr/lib/gcc/x86_64-linux-gnu/7.5.0] ==> [/usr/lib/gcc/x86_64-linux-gnu/7.5.0]
  collapse library dir [/lib/x86_64-linux-gnu] ==> [/lib/x86_64-linux-gnu]
  collapse library dir [/lib/../lib64] ==> [/lib64]
  collapse library dir [/usr/lib/x86_64-linux-gnu] ==> [/usr/lib/x86_64-linux-gnu]
  collapse library dir [/opt/rocm-5.0.0/llvm/bin/../lib] ==> [/opt/rocm-5.0.0/llvm/lib]
  collapse library dir [/lib] ==> [/lib]
  collapse library dir [/usr/lib] ==> [/usr/lib]
  implicit libs: [gcc;gcc_s;c;gcc;gcc_s]
  implicit dirs: [/usr/lib/gcc/x86_64-linux-gnu/7.5.0;/lib/x86_64-linux-gnu;/lib64;/usr/lib/x86_64-linux-gnu;/opt/rocm-5.0.0/llvm/lib;/lib;/usr/lib]
  implicit fwks: []




Detecting C [-std=c11] compiler features compiled with the following output:
Change Dir: /tmp/openmm/build/CMakeFiles/CMakeTmp

Run Build Command:"/usr/bin/make" "cmTC_64291/fast"
/usr/bin/make -f CMakeFiles/cmTC_64291.dir/build.make CMakeFiles/cmTC_64291.dir/build
make[1]: Entering directory '/tmp/openmm/build/CMakeFiles/CMakeTmp'
Building C object CMakeFiles/cmTC_64291.dir/feature_tests.c.o
/opt/rocm/bin/amdclang   -O2    -std=c11 -o CMakeFiles/cmTC_64291.dir/feature_tests.c.o   -c /tmp/openmm/build/CMakeFiles/feature_tests.c
Linking C executable cmTC_64291
/usr/bin/cmake -E cmake_link_script CMakeFiles/cmTC_64291.dir/link.txt --verbose=1
/opt/rocm/bin/amdclang -O2     -rdynamic CMakeFiles/cmTC_64291.dir/feature_tests.c.o  -o cmTC_64291 
make[1]: Leaving directory '/tmp/openmm/build/CMakeFiles/CMakeTmp'


    Feature record: C_FEATURE:1c_function_prototypes
    Feature record: C_FEATURE:1c_restrict
    Feature record: C_FEATURE:1c_static_assert
    Feature record: C_FEATURE:1c_variadic_macros


Detecting C [-std=c99] compiler features compiled with the following output:
Change Dir: /tmp/openmm/build/CMakeFiles/CMakeTmp

Run Build Command:"/usr/bin/make" "cmTC_a4c51/fast"
/usr/bin/make -f CMakeFiles/cmTC_a4c51.dir/build.make CMakeFiles/cmTC_a4c51.dir/build
make[1]: Entering directory '/tmp/openmm/build/CMakeFiles/CMakeTmp'
Building C object CMakeFiles/cmTC_a4c51.dir/feature_tests.c.o
/opt/rocm/bin/amdclang   -O2    -std=c99 -o CMakeFiles/cmTC_a4c51.dir/feature_tests.c.o   -c /tmp/openmm/build/CMakeFiles/feature_tests.c
Linking C executable cmTC_a4c51
/usr/bin/cmake -E cmake_link_script CMakeFiles/cmTC_a4c51.dir/link.txt --verbose=1
/opt/rocm/bin/amdclang -O2     -rdynamic CMakeFiles/cmTC_a4c51.dir/feature_tests.c.o  -o cmTC_a4c51 
make[1]: Leaving directory '/tmp/openmm/build/CMakeFiles/CMakeTmp'


    Feature record: C_FEATURE:1c_function_prototypes
    Feature record: C_FEATURE:1c_restrict
    Feature record: C_FEATURE:0c_static_assert
    Feature record: C_FEATURE:1c_variadic_macros


Detecting C [-std=c90] compiler features compiled with the following output:
Change Dir: /tmp/openmm/build/CMakeFiles/CMakeTmp

Run Build Command:"/usr/bin/make" "cmTC_b42d4/fast"
/usr/bin/make -f CMakeFiles/cmTC_b42d4.dir/build.make CMakeFiles/cmTC_b42d4.dir/build
make[1]: Entering directory '/tmp/openmm/build/CMakeFiles/CMakeTmp'
Building C object CMakeFiles/cmTC_b42d4.dir/feature_tests.c.o
/opt/rocm/bin/amdclang   -O2    -std=c90 -o CMakeFiles/cmTC_b42d4.dir/feature_tests.c.o   -c /tmp/openmm/build/CMakeFiles/feature_tests.c
Linking C executable cmTC_b42d4
/usr/bin/cmake -E cmake_link_script CMakeFiles/cmTC_b42d4.dir/link.txt --verbose=1
/opt/rocm/bin/amdclang -O2     -rdynamic CMakeFiles/cmTC_b42d4.dir/feature_tests.c.o  -o cmTC_b42d4 
make[1]: Leaving directory '/tmp/openmm/build/CMakeFiles/CMakeTmp'


    Feature record: C_FEATURE:1c_function_prototypes
    Feature record: C_FEATURE:0c_restrict
    Feature record: C_FEATURE:0c_static_assert
    Feature record: C_FEATURE:0c_variadic_macros
Determining if the CXX compiler works passed with the following output:
Change Dir: /tmp/openmm/build/CMakeFiles/CMakeTmp

Run Build Command:"/usr/bin/make" "cmTC_b5da7/fast"
/usr/bin/make -f CMakeFiles/cmTC_b5da7.dir/build.make CMakeFiles/cmTC_b5da7.dir/build
make[1]: Entering directory '/tmp/openmm/build/CMakeFiles/CMakeTmp'
Building CXX object CMakeFiles/cmTC_b5da7.dir/testCXXCompiler.cxx.o
/opt/rocm/bin/amdclang++     -o CMakeFiles/cmTC_b5da7.dir/testCXXCompiler.cxx.o -c /tmp/openmm/build/CMakeFiles/CMakeTmp/testCXXCompiler.cxx
Linking CXX executable cmTC_b5da7
/usr/bin/cmake -E cmake_link_script CMakeFiles/cmTC_b5da7.dir/link.txt --verbose=1
/opt/rocm/bin/amdclang++       -rdynamic CMakeFiles/cmTC_b5da7.dir/testCXXCompiler.cxx.o  -o cmTC_b5da7 
make[1]: Leaving directory '/tmp/openmm/build/CMakeFiles/CMakeTmp'


Detecting CXX compiler ABI info compiled with the following output:
Change Dir: /tmp/openmm/build/CMakeFiles/CMakeTmp

Run Build Command:"/usr/bin/make" "cmTC_68596/fast"
/usr/bin/make -f CMakeFiles/cmTC_68596.dir/build.make CMakeFiles/cmTC_68596.dir/build
make[1]: Entering directory '/tmp/openmm/build/CMakeFiles/CMakeTmp'
Building CXX object CMakeFiles/cmTC_68596.dir/CMakeCXXCompilerABI.cpp.o
/opt/rocm/bin/amdclang++     -o CMakeFiles/cmTC_68596.dir/CMakeCXXCompilerABI.cpp.o -c /usr/share/cmake-3.10/Modules/CMakeCXXCompilerABI.cpp
Linking CXX executable cmTC_68596
/usr/bin/cmake -E cmake_link_script CMakeFiles/cmTC_68596.dir/link.txt --verbose=1
/opt/rocm/bin/amdclang++      -v -rdynamic CMakeFiles/cmTC_68596.dir/CMakeCXXCompilerABI.cpp.o  -o cmTC_68596 
AMD clang version 14.0.0 (https://github.com/RadeonOpenCompute/llvm-project roc-5.0.0 22051 235b6880e2e515507478181ec11a20c1ec87945b)
Target: x86_64-unknown-linux-gnu
Thread model: posix
InstalledDir: /opt/rocm-5.0.0/llvm/bin
Found candidate GCC installation: /usr/lib/gcc/x86_64-linux-gnu/7
Found candidate GCC installation: /usr/lib/gcc/x86_64-linux-gnu/7.5.0
Found candidate GCC installation: /usr/lib/gcc/x86_64-linux-gnu/8
Selected GCC installation: /usr/lib/gcc/x86_64-linux-gnu/7.5.0
Candidate multilib: .;@m64
Candidate multilib: 32;@m32
Candidate multilib: x32;@mx32
Selected multilib: .;@m64
Found HIP installation: /opt/rocm-5.0.0, version 5.0.13601
 "/opt/rocm-5.0.0/llvm/bin/ld.lld" -export-dynamic -z relro --hash-style=gnu --eh-frame-hdr -m elf_x86_64 -export-dynamic -dynamic-linker /lib64/ld-linux-x86-64.so.2 -o cmTC_68596 /usr/lib/x86_64-linux-gnu/crt1.o /usr/lib/x86_64-linux-gnu/crti.o /usr/lib/gcc/x86_64-linux-gnu/7.5.0/crtbegin.o -L/usr/lib/gcc/x86_64-linux-gnu/7.5.0 -L/lib/x86_64-linux-gnu -L/lib/../lib64 -L/usr/lib/x86_64-linux-gnu -L/opt/rocm-5.0.0/llvm/bin/../lib -L/lib -L/usr/lib CMakeFiles/cmTC_68596.dir/CMakeCXXCompilerABI.cpp.o -lstdc++ -lm -lgcc_s -lgcc -lc -lgcc_s -lgcc /usr/lib/gcc/x86_64-linux-gnu/7.5.0/crtend.o /usr/lib/x86_64-linux-gnu/crtn.o
make[1]: Leaving directory '/tmp/openmm/build/CMakeFiles/CMakeTmp'


Parsed CXX implicit link information from above output:
  link line regex: [^( *|.*[/\])(amdlld|CMAKE_LINK_STARTFILE-NOTFOUND|([^/\]+-)?ld|collect2)[^/\]*( |$)]
  ignore line: [Change Dir: /tmp/openmm/build/CMakeFiles/CMakeTmp]
  ignore line: []
  ignore line: [Run Build Command:"/usr/bin/make" "cmTC_68596/fast"]
  ignore line: [/usr/bin/make -f CMakeFiles/cmTC_68596.dir/build.make CMakeFiles/cmTC_68596.dir/build]
  ignore line: [make[1]: Entering directory '/tmp/openmm/build/CMakeFiles/CMakeTmp']
  ignore line: [Building CXX object CMakeFiles/cmTC_68596.dir/CMakeCXXCompilerABI.cpp.o]
  ignore line: [/opt/rocm/bin/amdclang++     -o CMakeFiles/cmTC_68596.dir/CMakeCXXCompilerABI.cpp.o -c /usr/share/cmake-3.10/Modules/CMakeCXXCompilerABI.cpp]
  ignore line: [Linking CXX executable cmTC_68596]
  ignore line: [/usr/bin/cmake -E cmake_link_script CMakeFiles/cmTC_68596.dir/link.txt --verbose=1]
  ignore line: [/opt/rocm/bin/amdclang++      -v -rdynamic CMakeFiles/cmTC_68596.dir/CMakeCXXCompilerABI.cpp.o  -o cmTC_68596 ]
  ignore line: [AMD clang version 14.0.0 (https://github.com/RadeonOpenCompute/llvm-project roc-5.0.0 22051 235b6880e2e515507478181ec11a20c1ec87945b)]
  ignore line: [Target: x86_64-unknown-linux-gnu]
  ignore line: [Thread model: posix]
  ignore line: [InstalledDir: /opt/rocm-5.0.0/llvm/bin]
  ignore line: [Found candidate GCC installation: /usr/lib/gcc/x86_64-linux-gnu/7]
  ignore line: [Found candidate GCC installation: /usr/lib/gcc/x86_64-linux-gnu/7.5.0]
  ignore line: [Found candidate GCC installation: /usr/lib/gcc/x86_64-linux-gnu/8]
  ignore line: [Selected GCC installation: /usr/lib/gcc/x86_64-linux-gnu/7.5.0]
  ignore line: [Candidate multilib: .]
  ignore line: [@m64]
  ignore line: [Candidate multilib: 32]
  ignore line: [@m32]
  ignore line: [Candidate multilib: x32]
  ignore line: [@mx32]
  ignore line: [Selected multilib: .]
  ignore line: [@m64]
  ignore line: [Found HIP installation: /opt/rocm-5.0.0, version 5.0.13601]
  link line: [ "/opt/rocm-5.0.0/llvm/bin/ld.lld" -export-dynamic -z relro --hash-style=gnu --eh-frame-hdr -m elf_x86_64 -export-dynamic -dynamic-linker /lib64/ld-linux-x86-64.so.2 -o cmTC_68596 /usr/lib/x86_64-linux-gnu/crt1.o /usr/lib/x86_64-linux-gnu/crti.o /usr/lib/gcc/x86_64-linux-gnu/7.5.0/crtbegin.o -L/usr/lib/gcc/x86_64-linux-gnu/7.5.0 -L/lib/x86_64-linux-gnu -L/lib/../lib64 -L/usr/lib/x86_64-linux-gnu -L/opt/rocm-5.0.0/llvm/bin/../lib -L/lib -L/usr/lib CMakeFiles/cmTC_68596.dir/CMakeCXXCompilerABI.cpp.o -lstdc++ -lm -lgcc_s -lgcc -lc -lgcc_s -lgcc /usr/lib/gcc/x86_64-linux-gnu/7.5.0/crtend.o /usr/lib/x86_64-linux-gnu/crtn.o]
    arg [/opt/rocm-5.0.0/llvm/bin/ld.lld] ==> ignore
    arg [-export-dynamic] ==> ignore
    arg [-zrelro] ==> ignore
    arg [--hash-style=gnu] ==> ignore
    arg [--eh-frame-hdr] ==> ignore
    arg [-m] ==> ignore
    arg [elf_x86_64] ==> ignore
    arg [-export-dynamic] ==> ignore
    arg [-dynamic-linker] ==> ignore
    arg [/lib64/ld-linux-x86-64.so.2] ==> ignore
    arg [-o] ==> ignore
    arg [cmTC_68596] ==> ignore
    arg [/usr/lib/x86_64-linux-gnu/crt1.o] ==> ignore
    arg [/usr/lib/x86_64-linux-gnu/crti.o] ==> ignore
    arg [/usr/lib/gcc/x86_64-linux-gnu/7.5.0/crtbegin.o] ==> ignore
    arg [-L/usr/lib/gcc/x86_64-linux-gnu/7.5.0] ==> dir [/usr/lib/gcc/x86_64-linux-gnu/7.5.0]
    arg [-L/lib/x86_64-linux-gnu] ==> dir [/lib/x86_64-linux-gnu]
    arg [-L/lib/../lib64] ==> dir [/lib/../lib64]
    arg [-L/usr/lib/x86_64-linux-gnu] ==> dir [/usr/lib/x86_64-linux-gnu]
    arg [-L/opt/rocm-5.0.0/llvm/bin/../lib] ==> dir [/opt/rocm-5.0.0/llvm/bin/../lib]
    arg [-L/lib] ==> dir [/lib]
    arg [-L/usr/lib] ==> dir [/usr/lib]
    arg [CMakeFiles/cmTC_68596.dir/CMakeCXXCompilerABI.cpp.o] ==> ignore
    arg [-lstdc++] ==> lib [stdc++]
    arg [-lm] ==> lib [m]
    arg [-lgcc_s] ==> lib [gcc_s]
    arg [-lgcc] ==> lib [gcc]
    arg [-lc] ==> lib [c]
    arg [-lgcc_s] ==> lib [gcc_s]
    arg [-lgcc] ==> lib [gcc]
    arg [/usr/lib/gcc/x86_64-linux-gnu/7.5.0/crtend.o] ==> ignore
    arg [/usr/lib/x86_64-linux-gnu/crtn.o] ==> ignore
  collapse library dir [/usr/lib/gcc/x86_64-linux-gnu/7.5.0] ==> [/usr/lib/gcc/x86_64-linux-gnu/7.5.0]
  collapse library dir [/lib/x86_64-linux-gnu] ==> [/lib/x86_64-linux-gnu]
  collapse library dir [/lib/../lib64] ==> [/lib64]
  collapse library dir [/usr/lib/x86_64-linux-gnu] ==> [/usr/lib/x86_64-linux-gnu]
  collapse library dir [/opt/rocm-5.0.0/llvm/bin/../lib] ==> [/opt/rocm-5.0.0/llvm/lib]
  collapse library dir [/lib] ==> [/lib]
  collapse library dir [/usr/lib] ==> [/usr/lib]
  implicit libs: [stdc++;m;gcc_s;gcc;c;gcc_s;gcc]
  implicit dirs: [/usr/lib/gcc/x86_64-linux-gnu/7.5.0;/lib/x86_64-linux-gnu;/lib64;/usr/lib/x86_64-linux-gnu;/opt/rocm-5.0.0/llvm/lib;/lib;/usr/lib]
  implicit fwks: []




Detecting CXX [-std=c++1z] compiler features compiled with the following output:
Change Dir: /tmp/openmm/build/CMakeFiles/CMakeTmp

Run Build Command:"/usr/bin/make" "cmTC_b0a7a/fast"
/usr/bin/make -f CMakeFiles/cmTC_b0a7a.dir/build.make CMakeFiles/cmTC_b0a7a.dir/build
make[1]: Entering directory '/tmp/openmm/build/CMakeFiles/CMakeTmp'
Building CXX object CMakeFiles/cmTC_b0a7a.dir/feature_tests.cxx.o
/opt/rocm/bin/amdclang++    -std=c++1z -o CMakeFiles/cmTC_b0a7a.dir/feature_tests.cxx.o -c /tmp/openmm/build/CMakeFiles/feature_tests.cxx
Linking CXX executable cmTC_b0a7a
/usr/bin/cmake -E cmake_link_script CMakeFiles/cmTC_b0a7a.dir/link.txt --verbose=1
/opt/rocm/bin/amdclang++       -rdynamic CMakeFiles/cmTC_b0a7a.dir/feature_tests.cxx.o  -o cmTC_b0a7a 
make[1]: Leaving directory '/tmp/openmm/build/CMakeFiles/CMakeTmp'


    Feature record: CXX_FEATURE:1cxx_aggregate_default_initializers
    Feature record: CXX_FEATURE:1cxx_alias_templates
    Feature record: CXX_FEATURE:1cxx_alignas
    Feature record: CXX_FEATURE:1cxx_alignof
    Feature record: CXX_FEATURE:1cxx_attributes
    Feature record: CXX_FEATURE:1cxx_attribute_deprecated
    Feature record: CXX_FEATURE:1cxx_auto_type
    Feature record: CXX_FEATURE:1cxx_binary_literals
    Feature record: CXX_FEATURE:1cxx_constexpr
    Feature record: CXX_FEATURE:1cxx_contextual_conversions
    Feature record: CXX_FEATURE:1cxx_decltype
    Feature record: CXX_FEATURE:1cxx_decltype_auto
    Feature record: CXX_FEATURE:1cxx_decltype_incomplete_return_types
    Feature record: CXX_FEATURE:1cxx_default_function_template_args
    Feature record: CXX_FEATURE:1cxx_defaulted_functions
    Feature record: CXX_FEATURE:1cxx_defaulted_move_initializers
    Feature record: CXX_FEATURE:1cxx_delegating_constructors
    Feature record: CXX_FEATURE:1cxx_deleted_functions
    Feature record: CXX_FEATURE:1cxx_digit_separators
    Feature record: CXX_FEATURE:1cxx_enum_forward_declarations
    Feature record: CXX_FEATURE:1cxx_explicit_conversions
    Feature record: CXX_FEATURE:1cxx_extended_friend_declarations
    Feature record: CXX_FEATURE:1cxx_extern_templates
    Feature record: CXX_FEATURE:1cxx_final
    Feature record: CXX_FEATURE:1cxx_func_identifier
    Feature record: CXX_FEATURE:1cxx_generalized_initializers
    Feature record: CXX_FEATURE:1cxx_generic_lambdas
    Feature record: CXX_FEATURE:1cxx_inheriting_constructors
    Feature record: CXX_FEATURE:1cxx_inline_namespaces
    Feature record: CXX_FEATURE:1cxx_lambdas
    Feature record: CXX_FEATURE:1cxx_lambda_init_captures
    Feature record: CXX_FEATURE:1cxx_local_type_template_args
    Feature record: CXX_FEATURE:1cxx_long_long_type
    Feature record: CXX_FEATURE:1cxx_noexcept
    Feature record: CXX_FEATURE:1cxx_nonstatic_member_init
    Feature record: CXX_FEATURE:1cxx_nullptr
    Feature record: CXX_FEATURE:1cxx_override
    Feature record: CXX_FEATURE:1cxx_range_for
    Feature record: CXX_FEATURE:1cxx_raw_string_literals
    Feature record: CXX_FEATURE:1cxx_reference_qualified_functions
    Feature record: CXX_FEATURE:1cxx_relaxed_constexpr
    Feature record: CXX_FEATURE:1cxx_return_type_deduction
    Feature record: CXX_FEATURE:1cxx_right_angle_brackets
    Feature record: CXX_FEATURE:1cxx_rvalue_references
    Feature record: CXX_FEATURE:1cxx_sizeof_member
    Feature record: CXX_FEATURE:1cxx_static_assert
    Feature record: CXX_FEATURE:1cxx_strong_enums
    Feature record: CXX_FEATURE:1cxx_template_template_parameters
    Feature record: CXX_FEATURE:1cxx_thread_local
    Feature record: CXX_FEATURE:1cxx_trailing_return_types
    Feature record: CXX_FEATURE:1cxx_unicode_literals
    Feature record: CXX_FEATURE:1cxx_uniform_initialization
    Feature record: CXX_FEATURE:1cxx_unrestricted_unions
    Feature record: CXX_FEATURE:1cxx_user_literals
    Feature record: CXX_FEATURE:1cxx_variable_templates
    Feature record: CXX_FEATURE:1cxx_variadic_macros
    Feature record: CXX_FEATURE:1cxx_variadic_templates


Detecting CXX [-std=c++14] compiler features compiled with the following output:
Change Dir: /tmp/openmm/build/CMakeFiles/CMakeTmp

Run Build Command:"/usr/bin/make" "cmTC_8fbd7/fast"
/usr/bin/make -f CMakeFiles/cmTC_8fbd7.dir/build.make CMakeFiles/cmTC_8fbd7.dir/build
make[1]: Entering directory '/tmp/openmm/build/CMakeFiles/CMakeTmp'
Building CXX object CMakeFiles/cmTC_8fbd7.dir/feature_tests.cxx.o
/opt/rocm/bin/amdclang++    -std=c++14 -o CMakeFiles/cmTC_8fbd7.dir/feature_tests.cxx.o -c /tmp/openmm/build/CMakeFiles/feature_tests.cxx
Linking CXX executable cmTC_8fbd7
/usr/bin/cmake -E cmake_link_script CMakeFiles/cmTC_8fbd7.dir/link.txt --verbose=1
/opt/rocm/bin/amdclang++       -rdynamic CMakeFiles/cmTC_8fbd7.dir/feature_tests.cxx.o  -o cmTC_8fbd7 
make[1]: Leaving directory '/tmp/openmm/build/CMakeFiles/CMakeTmp'


    Feature record: CXX_FEATURE:1cxx_aggregate_default_initializers
    Feature record: CXX_FEATURE:1cxx_alias_templates
    Feature record: CXX_FEATURE:1cxx_alignas
    Feature record: CXX_FEATURE:1cxx_alignof
    Feature record: CXX_FEATURE:1cxx_attributes
    Feature record: CXX_FEATURE:1cxx_attribute_deprecated
    Feature record: CXX_FEATURE:1cxx_auto_type
    Feature record: CXX_FEATURE:1cxx_binary_literals
    Feature record: CXX_FEATURE:1cxx_constexpr
    Feature record: CXX_FEATURE:1cxx_contextual_conversions
    Feature record: CXX_FEATURE:1cxx_decltype
    Feature record: CXX_FEATURE:1cxx_decltype_auto
    Feature record: CXX_FEATURE:1cxx_decltype_incomplete_return_types
    Feature record: CXX_FEATURE:1cxx_default_function_template_args
    Feature record: CXX_FEATURE:1cxx_defaulted_functions
    Feature record: CXX_FEATURE:1cxx_defaulted_move_initializers
    Feature record: CXX_FEATURE:1cxx_delegating_constructors
    Feature record: CXX_FEATURE:1cxx_deleted_functions
    Feature record: CXX_FEATURE:1cxx_digit_separators
    Feature record: CXX_FEATURE:1cxx_enum_forward_declarations
    Feature record: CXX_FEATURE:1cxx_explicit_conversions
    Feature record: CXX_FEATURE:1cxx_extended_friend_declarations
    Feature record: CXX_FEATURE:1cxx_extern_templates
    Feature record: CXX_FEATURE:1cxx_final
    Feature record: CXX_FEATURE:1cxx_func_identifier
    Feature record: CXX_FEATURE:1cxx_generalized_initializers
    Feature record: CXX_FEATURE:1cxx_generic_lambdas
    Feature record: CXX_FEATURE:1cxx_inheriting_constructors
    Feature record: CXX_FEATURE:1cxx_inline_namespaces
    Feature record: CXX_FEATURE:1cxx_lambdas
    Feature record: CXX_FEATURE:1cxx_lambda_init_captures
    Feature record: CXX_FEATURE:1cxx_local_type_template_args
    Feature record: CXX_FEATURE:1cxx_long_long_type
    Feature record: CXX_FEATURE:1cxx_noexcept
    Feature record: CXX_FEATURE:1cxx_nonstatic_member_init
    Feature record: CXX_FEATURE:1cxx_nullptr
    Feature record: CXX_FEATURE:1cxx_override
    Feature record: CXX_FEATURE:1cxx_range_for
    Feature record: CXX_FEATURE:1cxx_raw_string_literals
    Feature record: CXX_FEATURE:1cxx_reference_qualified_functions
    Feature record: CXX_FEATURE:1cxx_relaxed_constexpr
    Feature record: CXX_FEATURE:1cxx_return_type_deduction
    Feature record: CXX_FEATURE:1cxx_right_angle_brackets
    Feature record: CXX_FEATURE:1cxx_rvalue_references
    Feature record: CXX_FEATURE:1cxx_sizeof_member
    Feature record: CXX_FEATURE:1cxx_static_assert
    Feature record: CXX_FEATURE:1cxx_strong_enums
    Feature record: CXX_FEATURE:1cxx_template_template_parameters
    Feature record: CXX_FEATURE:1cxx_thread_local
    Feature record: CXX_FEATURE:1cxx_trailing_return_types
    Feature record: CXX_FEATURE:1cxx_unicode_literals
    Feature record: CXX_FEATURE:1cxx_uniform_initialization
    Feature record: CXX_FEATURE:1cxx_unrestricted_unions
    Feature record: CXX_FEATURE:1cxx_user_literals
    Feature record: CXX_FEATURE:1cxx_variable_templates
    Feature record: CXX_FEATURE:1cxx_variadic_macros
    Feature record: CXX_FEATURE:1cxx_variadic_templates


Detecting CXX [-std=c++11] compiler features compiled with the following output:
Change Dir: /tmp/openmm/build/CMakeFiles/CMakeTmp

Run Build Command:"/usr/bin/make" "cmTC_6de11/fast"
/usr/bin/make -f CMakeFiles/cmTC_6de11.dir/build.make CMakeFiles/cmTC_6de11.dir/build
make[1]: Entering directory '/tmp/openmm/build/CMakeFiles/CMakeTmp'
Building CXX object CMakeFiles/cmTC_6de11.dir/feature_tests.cxx.o
/opt/rocm/bin/amdclang++    -std=c++11 -o CMakeFiles/cmTC_6de11.dir/feature_tests.cxx.o -c /tmp/openmm/build/CMakeFiles/feature_tests.cxx
Linking CXX executable cmTC_6de11
/usr/bin/cmake -E cmake_link_script CMakeFiles/cmTC_6de11.dir/link.txt --verbose=1
/opt/rocm/bin/amdclang++       -rdynamic CMakeFiles/cmTC_6de11.dir/feature_tests.cxx.o  -o cmTC_6de11 
make[1]: Leaving directory '/tmp/openmm/build/CMakeFiles/CMakeTmp'


    Feature record: CXX_FEATURE:0cxx_aggregate_default_initializers
    Feature record: CXX_FEATURE:1cxx_alias_templates
    Feature record: CXX_FEATURE:1cxx_alignas
    Feature record: CXX_FEATURE:1cxx_alignof
    Feature record: CXX_FEATURE:1cxx_attributes
    Feature record: CXX_FEATURE:0cxx_attribute_deprecated
    Feature record: CXX_FEATURE:1cxx_auto_type
    Feature record: CXX_FEATURE:0cxx_binary_literals
    Feature record: CXX_FEATURE:1cxx_constexpr
    Feature record: CXX_FEATURE:0cxx_contextual_conversions
    Feature record: CXX_FEATURE:1cxx_decltype
    Feature record: CXX_FEATURE:0cxx_decltype_auto
    Feature record: CXX_FEATURE:1cxx_decltype_incomplete_return_types
    Feature record: CXX_FEATURE:1cxx_default_function_template_args
    Feature record: CXX_FEATURE:1cxx_defaulted_functions
    Feature record: CXX_FEATURE:1cxx_defaulted_move_initializers
    Feature record: CXX_FEATURE:1cxx_delegating_constructors
    Feature record: CXX_FEATURE:1cxx_deleted_functions
    Feature record: CXX_FEATURE:0cxx_digit_separators
    Feature record: CXX_FEATURE:1cxx_enum_forward_declarations
    Feature record: CXX_FEATURE:1cxx_explicit_conversions
    Feature record: CXX_FEATURE:1cxx_extended_friend_declarations
    Feature record: CXX_FEATURE:1cxx_extern_templates
    Feature record: CXX_FEATURE:1cxx_final
    Feature record: CXX_FEATURE:1cxx_func_identifier
    Feature record: CXX_FEATURE:1cxx_generalized_initializers
    Feature record: CXX_FEATURE:0cxx_generic_lambdas
    Feature record: CXX_FEATURE:1cxx_inheriting_constructors
    Feature record: CXX_FEATURE:1cxx_inline_namespaces
    Feature record: CXX_FEATURE:1cxx_lambdas
    Feature record: CXX_FEATURE:0cxx_lambda_init_captures
    Feature record: CXX_FEATURE:1cxx_local_type_template_args
    Feature record: CXX_FEATURE:1cxx_long_long_type
    Feature record: CXX_FEATURE:1cxx_noexcept
    Feature record: CXX_FEATURE:1cxx_nonstatic_member_init
    Feature record: CXX_FEATURE:1cxx_nullptr
    Feature record: CXX_FEATURE:1cxx_override
    Feature record: CXX_FEATURE:1cxx_range_for
    Feature record: CXX_FEATURE:1cxx_raw_string_literals
    Feature record: CXX_FEATURE:1cxx_reference_qualified_functions
    Feature record: CXX_FEATURE:0cxx_relaxed_constexpr
    Feature record: CXX_FEATURE:0cxx_return_type_deduction
    Feature record: CXX_FEATURE:1cxx_right_angle_brackets
    Feature record: CXX_FEATURE:1cxx_rvalue_references
    Feature record: CXX_FEATURE:1cxx_sizeof_member
    Feature record: CXX_FEATURE:1cxx_static_assert
    Feature record: CXX_FEATURE:1cxx_strong_enums
    Feature record: CXX_FEATURE:1cxx_template_template_parameters
    Feature record: CXX_FEATURE:1cxx_thread_local
    Feature record: CXX_FEATURE:1cxx_trailing_return_types
    Feature record: CXX_FEATURE:1cxx_unicode_literals
    Feature record: CXX_FEATURE:1cxx_uniform_initialization
    Feature record: CXX_FEATURE:1cxx_unrestricted_unions
    Feature record: CXX_FEATURE:1cxx_user_literals
    Feature record: CXX_FEATURE:0cxx_variable_templates
    Feature record: CXX_FEATURE:1cxx_variadic_macros
    Feature record: CXX_FEATURE:1cxx_variadic_templates


Detecting CXX [-std=c++98] compiler features compiled with the following output:
Change Dir: /tmp/openmm/build/CMakeFiles/CMakeTmp

Run Build Command:"/usr/bin/make" "cmTC_8bc78/fast"
/usr/bin/make -f CMakeFiles/cmTC_8bc78.dir/build.make CMakeFiles/cmTC_8bc78.dir/build
make[1]: Entering directory '/tmp/openmm/build/CMakeFiles/CMakeTmp'
Building CXX object CMakeFiles/cmTC_8bc78.dir/feature_tests.cxx.o
/opt/rocm/bin/amdclang++    -std=c++98 -o CMakeFiles/cmTC_8bc78.dir/feature_tests.cxx.o -c /tmp/openmm/build/CMakeFiles/feature_tests.cxx
Linking CXX executable cmTC_8bc78
/usr/bin/cmake -E cmake_link_script CMakeFiles/cmTC_8bc78.dir/link.txt --verbose=1
/opt/rocm/bin/amdclang++       -rdynamic CMakeFiles/cmTC_8bc78.dir/feature_tests.cxx.o  -o cmTC_8bc78 
make[1]: Leaving directory '/tmp/openmm/build/CMakeFiles/CMakeTmp'


    Feature record: CXX_FEATURE:0cxx_aggregate_default_initializers
    Feature record: CXX_FEATURE:0cxx_alias_templates
    Feature record: CXX_FEATURE:0cxx_alignas
    Feature record: CXX_FEATURE:0cxx_alignof
    Feature record: CXX_FEATURE:0cxx_attributes
    Feature record: CXX_FEATURE:0cxx_attribute_deprecated
    Feature record: CXX_FEATURE:0cxx_auto_type
    Feature record: CXX_FEATURE:0cxx_binary_literals
    Feature record: CXX_FEATURE:0cxx_constexpr
    Feature record: CXX_FEATURE:0cxx_contextual_conversions
    Feature record: CXX_FEATURE:0cxx_decltype
    Feature record: CXX_FEATURE:0cxx_decltype_auto
    Feature record: CXX_FEATURE:0cxx_decltype_incomplete_return_types
    Feature record: CXX_FEATURE:0cxx_default_function_template_args
    Feature record: CXX_FEATURE:0cxx_defaulted_functions
    Feature record: CXX_FEATURE:0cxx_defaulted_move_initializers
    Feature record: CXX_FEATURE:0cxx_delegating_constructors
    Feature record: CXX_FEATURE:0cxx_deleted_functions
    Feature record: CXX_FEATURE:0cxx_digit_separators
    Feature record: CXX_FEATURE:0cxx_enum_forward_declarations
    Feature record: CXX_FEATURE:0cxx_explicit_conversions
    Feature record: CXX_FEATURE:0cxx_extended_friend_declarations
    Feature record: CXX_FEATURE:0cxx_extern_templates
    Feature record: CXX_FEATURE:0cxx_final
    Feature record: CXX_FEATURE:0cxx_func_identifier
    Feature record: CXX_FEATURE:0cxx_generalized_initializers
    Feature record: CXX_FEATURE:0cxx_generic_lambdas
    Feature record: CXX_FEATURE:0cxx_inheriting_constructors
    Feature record: CXX_FEATURE:0cxx_inline_namespaces
    Feature record: CXX_FEATURE:0cxx_lambdas
    Feature record: CXX_FEATURE:0cxx_lambda_init_captures
    Feature record: CXX_FEATURE:0cxx_local_type_template_args
    Feature record: CXX_FEATURE:0cxx_long_long_type
    Feature record: CXX_FEATURE:0cxx_noexcept
    Feature record: CXX_FEATURE:0cxx_nonstatic_member_init
    Feature record: CXX_FEATURE:0cxx_nullptr
    Feature record: CXX_FEATURE:0cxx_override
    Feature record: CXX_FEATURE:0cxx_range_for
    Feature record: CXX_FEATURE:0cxx_raw_string_literals
    Feature record: CXX_FEATURE:0cxx_reference_qualified_functions
    Feature record: CXX_FEATURE:0cxx_relaxed_constexpr
    Feature record: CXX_FEATURE:0cxx_return_type_deduction
    Feature record: CXX_FEATURE:0cxx_right_angle_brackets
    Feature record: CXX_FEATURE:0cxx_rvalue_references
    Feature record: CXX_FEATURE:0cxx_sizeof_member
    Feature record: CXX_FEATURE:0cxx_static_assert
    Feature record: CXX_FEATURE:0cxx_strong_enums
    Feature record: CXX_FEATURE:1cxx_template_template_parameters
    Feature record: CXX_FEATURE:0cxx_thread_local
    Feature record: CXX_FEATURE:0cxx_trailing_return_types
    Feature record: CXX_FEATURE:0cxx_unicode_literals
    Feature record: CXX_FEATURE:0cxx_uniform_initialization
    Feature record: CXX_FEATURE:0cxx_unrestricted_unions
    Feature record: CXX_FEATURE:0cxx_user_literals
    Feature record: CXX_FEATURE:0cxx_variable_templates
    Feature record: CXX_FEATURE:0cxx_variadic_macros
    Feature record: CXX_FEATURE:0cxx_variadic_templates
